<?xml version="1.0" encoding="UTF-8"?>
<!-- Generated by org.testng.reporters.JUnitReportReporter -->
<testsuite hostname="DESKTOP-738V56C" failures="0" tests="8" name="api.test.DataDrivenTest" time="22.829" errors="0" timestamp="2023-07-05T15:54:27 IST" skipped="0">
  <testcase classname="api.test.DataDrivenTest" name="testpostrequest" time="2.314"/>
  <system-out/>
  <testcase classname="api.test.DataDrivenTest" name="testpostrequest" time="2.473"/>
  <system-out/>
  <testcase classname="api.test.DataDrivenTest" name="testpostrequest" time="1.922"/>
  <system-out/>
  <testcase classname="api.test.DataDrivenTest" name="testpostrequest" time="7.104"/>
  <system-out/>
  <testcase classname="api.test.DataDrivenTest" name="testGetUser" time="2.227"/>
  <system-out/>
  <testcase classname="api.test.DataDrivenTest" name="testGetUser" time="1.913"/>
  <system-out/>
  <testcase classname="api.test.DataDrivenTest" name="testGetUser" time="2.130"/>
  <system-out/>
  <testcase classname="api.test.DataDrivenTest" name="testGetUser" time="2.746"/>
  <system-out/>
</testsuite> <!-- api.test.DataDrivenTest -->
