<?xml version="1.0" encoding="UTF-8"?>
<!-- Generated by org.testng.reporters.JUnitReportReporter -->
<testsuite hostname="DESKTOP-738V56C" failures="0" tests="4" name="api.test.Usertests" time="11.295" errors="0" timestamp="2023-07-05T16:14:45 IST" skipped="0">
  <testcase classname="api.test.Usertests" name="testpostusers" time="6.546"/>
  <system-out/>
  <testcase classname="api.test.Usertests" name="TestGetUserByName" time="1.706"/>
  <system-out/>
  <testcase classname="api.test.Usertests" name="UpdateUser" time="1.605"/>
  <system-out/>
  <testcase classname="api.test.Usertests" name="DeleteTheUser" time="1.438"/>
  <system-out/>
</testsuite> <!-- api.test.Usertests -->
